start process Commweb \nCheckout session request: Array
(
    [apiOperation] => CREATE_CHECKOUT_SESSION
    [apiPassword] => test
    [apiUsername] => merchant.test
    [merchant] => test
    [order.id] => CJSK012
    [order.amount] => 19.74
    [order.currency] => AUD
)
2017-05-05 11:49:22\n Checkout session response: Array
(
    [error_cause] => INVALID_REQUEST
    [error_explanation] => Invalid credentials.
    [result] => ERROR
)
\nstart process Commweb \nCheckout session request: Array
(
    [apiOperation] => CREATE_CHECKOUT_SESSION
    [apiPassword] => test
    [apiUsername] => merchant.test
    [merchant] => test
    [order.id] => CJSK012
    [order.amount] => 13.36
    [order.currency] => AUD
)
2017-05-05 11:50:27\n Checkout session response: Array
(
    [error_cause] => INVALID_REQUEST
    [error_explanation] => Invalid credentials.
    [result] => ERROR
)
\nstart process Commweb \nCheckout session request: Array
(
    [apiOperation] => CREATE_CHECKOUT_SESSION
    [apiPassword] => fad718b6a0bd99aaed8d2a2c127fffd0
    [apiUsername] => merchant.TESTAMBBUICOM201
    [merchant] => TESTAMBBUICOM201
    [order.id] => CJSK012
    [order.amount] => 0.00
    [order.currency] => AUD
)
2017-05-05 11:51:07\n Checkout session response: Array
(
    [merchant] => TESTAMBBUICOM201
    [result] => SUCCESS
    [session_id] => SESSION0002846238742G8215827E21
    [session_updateStatus] => SUCCESS
    [session_version] => 4ce1129201
    [successIndicator] => 4da2e1eaef354aec
)
\nstart process Commweb \nCheckout session request: Array
(
    [apiOperation] => CREATE_CHECKOUT_SESSION
    [apiPassword] => fad718b6a0bd99aaed8d2a2c127fffd0
    [apiUsername] => merchant.TESTAMBBUICOM201
    [merchant] => TESTAMBBUICOM201
    [order.id] => CJSK012
    [order.amount] => 19.74
    [order.currency] => AUD
)
2017-05-05 11:51:43\n Checkout session response: Array
(
    [merchant] => TESTAMBBUICOM201
    [result] => SUCCESS
    [session_id] => SESSION0002254330415N7188882E84
    [session_updateStatus] => SUCCESS
    [session_version] => 02ad0f8f01
    [successIndicator] => 28cb4d826254417d
)
\nstart process Commweb \nCheckout session request: Array
(
    [apiOperation] => CREATE_CHECKOUT_SESSION
    [apiPassword] => fad718b6a0bd99aaed8d2a2c127fffd0
    [apiUsername] => merchant.TESTAMBBUICOM201
    [merchant] => TESTAMBBUICOM201
    [order.id] => CJSK012
    [order.amount] => 13.36
    [order.currency] => AUD
)
2017-05-05 11:52:16\n Checkout session response: Array
(
    [merchant] => TESTAMBBUICOM201
    [result] => SUCCESS
    [session_id] => SESSION0002663276293K4871295N17
    [session_updateStatus] => SUCCESS
    [session_version] => 39788f8a01
    [successIndicator] => a86b458bb4d04f56
)
\nstart process Commweb \nCheckout session request: Array
(
    [apiOperation] => CREATE_CHECKOUT_SESSION
    [apiPassword] => fad718b6a0bd99aaed8d2a2c127fffd0
    [apiUsername] => merchant.TESTAMBBUICOM201
    [merchant] => TESTAMBBUICOM201
    [order.id] => TZKL013
    [order.amount] => 13.36
    [order.currency] => AUD
)
2017-05-05 11:56:00\n Checkout session response: Array
(
    [merchant] => TESTAMBBUICOM201
    [result] => SUCCESS
    [session_id] => SESSION0002870044809L6764750E70
    [session_updateStatus] => SUCCESS
    [session_version] => 2ae8aed801
    [successIndicator] => ae98db4d5378451d
)
\n