start process Commweb \nstart process Commweb \nstart process Commweb \n2017-04-28 14:40:57
 Response from Complete callback of commweb: 
Array
(
    [amount] => 58.09
    [billing_address_city] => êr
    [billing_address_country] => ASM
    [billing_address_postcodeZip] => 2000
    [billing_address_street] => f
    [creationTime] => 2017-04-28T04:40:57.733Z
    [currency] => AUD
    [customer_firstName] => tuyet
    [description] => Commweb Order
    [device_browser] => Mozilla/5.0 (Windows NT 10.0; Win64; x64) AppleWebKit/537.36 (KHTML, like Gecko) Chrome/58.0.3029.81 Safari/537.36
    [device_ipAddress] => 27.72.157.158
    [id] => X92S05
    [merchant] => TESTAMBBUICOM201
    [result] => SUCCESS
    [risk_response_gatewayCode] => ACCEPTED
    [risk_response_review_decision] => NOT_REQUIRED
    [risk_response_rule_data] => 512345
    [risk_response_rule_name] => MERCHANT_BIN_RANGE
    [risk_response_rule_recommendation] => NO_ACTION
    [risk_response_rule_type] => MERCHANT_RULE
    [risk_response_rule] => Array
        (
            [1] => MERCHANT_RULE
            [2] => MERCHANT_RULE
            [3] => MERCHANT_RULE
            [4] => MERCHANT_RULE
            [5] => MERCHANT_RULE
            [6] => MSO_RULE
            [7] => MSO_RULE
            [8] => MSO_RULE
            [9] => MSO_RULE
        )

    [sourceOfFunds_provided_card_brand] => MASTERCARD
    [sourceOfFunds_provided_card_expiry_month] => 5
    [sourceOfFunds_provided_card_expiry_year] => 17
    [sourceOfFunds_provided_card_fundingMethod] => CREDIT
    [sourceOfFunds_provided_card_issuer] => BANCO DEL PICHINCHA, C.A.
    [sourceOfFunds_provided_card_nameOnCard] => tuyet
    [sourceOfFunds_provided_card_number] => 512345xxxxxx0008
    [sourceOfFunds_provided_card_scheme] => MASTERCARD
    [sourceOfFunds_type] => CARD
    [status] => CAPTURED
    [totalAuthorizedAmount] => 58.09
    [totalCapturedAmount] => 58.09
    [totalRefundedAmount] => 0.00
    [transaction_authorizationResponse_cardSecurityCodeError] => M
    [transaction_authorizationResponse_commercialCard] => 888
    [transaction_authorizationResponse_commercialCardIndicator] => 3
    [transaction_authorizationResponse_financialNetworkCode] => 777
    [transaction_authorizationResponse_processingCode] => 003000
    [transaction_authorizationResponse_responseCode] => 00
    [transaction_authorizationResponse_stan] => 134933
    [transaction_authorizationResponse_transactionIdentifier] => 123456789
    [transaction_billing_address_city] => êr
    [transaction_billing_address_country] => ASM
    [transaction_billing_address_postcodeZip] => 2000
    [transaction_billing_address_street] => f
    [transaction_customer_firstName] => tuyet
    [transaction_device_browser] => Mozilla/5.0 (Windows NT 10.0; Win64; x64) AppleWebKit/537.36 (KHTML, like Gecko) Chrome/58.0.3029.81 Safari/537.36
    [transaction_device_ipAddress] => 27.72.157.158
    [transaction_gatewayEntryPoint] => CHECKOUT
    [transaction_merchant] => TESTAMBBUICOM201
    [transaction_order_amount] => 58.09
    [transaction_order_creationTime] => 2017-04-28T04:40:57.733Z
    [transaction_order_currency] => AUD
    [transaction_order_description] => Commweb Order
    [transaction_order_id] => X92S05
    [transaction_order_status] => CAPTURED
    [transaction_order_totalAuthorizedAmount] => 58.09
    [transaction_order_totalCapturedAmount] => 58.09
    [transaction_order_totalRefundedAmount] => 0.00
    [transaction_response_acquirerCode] => 00
    [transaction_response_acquirerMessage] => Approved
    [transaction_response_cardSecurityCode_acquirerCode] => M
    [transaction_response_cardSecurityCode_gatewayCode] => MATCH
    [transaction_response_gatewayCode] => APPROVED
    [transaction_result] => SUCCESS
    [transaction_risk_response_gatewayCode] => ACCEPTED
    [transaction_risk_response_review_decision] => NOT_REQUIRED
    [transaction_risk_response_rule_data] => 512345
    [transaction_risk_response_rule_name] => MERCHANT_BIN_RANGE
    [transaction_risk_response_rule_recommendation] => NO_ACTION
    [transaction_risk_response_rule_type] => MERCHANT_RULE
    [transaction_risk_response_rule] => Array
        (
            [1] => MERCHANT_RULE
            [2] => MERCHANT_RULE
            [3] => MERCHANT_RULE
            [4] => MERCHANT_RULE
            [5] => MERCHANT_RULE
            [6] => MSO_RULE
            [7] => MSO_RULE
            [8] => MSO_RULE
            [9] => MSO_RULE
        )

    [transaction_sourceOfFunds_provided_card_brand] => MASTERCARD
    [transaction_sourceOfFunds_provided_card_expiry_month] => 5
    [transaction_sourceOfFunds_provided_card_expiry_year] => 17
    [transaction_sourceOfFunds_provided_card_fundingMethod] => CREDIT
    [transaction_sourceOfFunds_provided_card_issuer] => BANCO DEL PICHINCHA, C.A.
    [transaction_sourceOfFunds_provided_card_nameOnCard] => tuyet
    [transaction_sourceOfFunds_provided_card_number] => 512345xxxxxx0008
    [transaction_sourceOfFunds_provided_card_scheme] => MASTERCARD
    [transaction_sourceOfFunds_type] => CARD
    [transaction_timeOfRecord] => 2017-04-28T04:40:57.733Z
    [transaction_transaction_acquirer_batch] => 20170428
    [transaction_transaction_acquirer_date] => 0428
    [transaction_transaction_acquirer_id] => CBA_S2I
    [transaction_transaction_acquirer_merchantId] => 353109499161636
    [transaction_transaction_acquirer_settlementDate] => 2017-04-28
    [transaction_transaction_acquirer_timeZone] => +1000
    [transaction_transaction_acquirer_transactionId] => 123456789
    [transaction_transaction_amount] => 58.09
    [transaction_transaction_authorizationCode] => 134933
    [transaction_transaction_currency] => AUD
    [transaction_transaction_frequency] => SINGLE
    [transaction_transaction_id] => 1
    [transaction_transaction_receipt] => 711804134933
    [transaction_transaction_source] => INTERNET
    [transaction_transaction_terminal] => CBAS2I01
    [transaction_transaction_type] => PAYMENT
    [transaction_version] => 41
)

start process Commweb \n2017-04-28 15:03:39
 Response from Complete callback of commweb: 
Array
(
    [amount] => 88.26
    [billing_address_city] => Sydney
    [billing_address_country] => NZL
    [billing_address_postcodeZip] => 2000
    [billing_address_street] => Sydney
    [creationTime] => 2017-04-28T05:03:39.247Z
    [currency] => AUD
    [customer_firstName] => test
    [description] => Commweb Order
    [device_browser] => Mozilla/5.0 (Windows NT 10.0; WOW64; rv:43.0) Gecko/20100101 Firefox/43.0
    [device_ipAddress] => 117.0.86.136
    [id] => V1DC03
    [merchant] => TESTAMBBUICOM201
    [result] => SUCCESS
    [risk_response_gatewayCode] => ACCEPTED
    [risk_response_review_decision] => NOT_REQUIRED
    [risk_response_rule_data] => 511111
    [risk_response_rule_name] => MERCHANT_BIN_RANGE
    [risk_response_rule_recommendation] => NO_ACTION
    [risk_response_rule_type] => MERCHANT_RULE
    [risk_response_rule] => Array
        (
            [1] => MERCHANT_RULE
            [2] => MERCHANT_RULE
            [3] => MERCHANT_RULE
            [4] => MERCHANT_RULE
            [5] => MERCHANT_RULE
            [6] => MSO_RULE
            [7] => MSO_RULE
            [8] => MSO_RULE
            [9] => MSO_RULE
        )

    [sourceOfFunds_provided_card_brand] => MASTERCARD
    [sourceOfFunds_provided_card_expiry_month] => 4
    [sourceOfFunds_provided_card_expiry_year] => 17
    [sourceOfFunds_provided_card_fundingMethod] => DEBIT
    [sourceOfFunds_provided_card_issuer] => U.S. BANK NATIONAL ASSOCIATION, ND
    [sourceOfFunds_provided_card_nameOnCard] => test
    [sourceOfFunds_provided_card_number] => 511111xxxxxx1118
    [sourceOfFunds_provided_card_scheme] => MASTERCARD
    [sourceOfFunds_type] => CARD
    [status] => CAPTURED
    [totalAuthorizedAmount] => 88.26
    [totalCapturedAmount] => 88.26
    [totalRefundedAmount] => 0.00
    [transaction_authorizationResponse_cardSecurityCodeError] => M
    [transaction_authorizationResponse_commercialCard] => 888
    [transaction_authorizationResponse_commercialCardIndicator] => 3
    [transaction_authorizationResponse_financialNetworkCode] => 777
    [transaction_authorizationResponse_processingCode] => 003000
    [transaction_authorizationResponse_responseCode] => 00
    [transaction_authorizationResponse_stan] => 132844
    [transaction_authorizationResponse_transactionIdentifier] => 123456789
    [transaction_billing_address_city] => Sydney
    [transaction_billing_address_country] => NZL
    [transaction_billing_address_postcodeZip] => 2000
    [transaction_billing_address_street] => Sydney
    [transaction_customer_firstName] => test
    [transaction_device_browser] => Mozilla/5.0 (Windows NT 10.0; WOW64; rv:43.0) Gecko/20100101 Firefox/43.0
    [transaction_device_ipAddress] => 117.0.86.136
    [transaction_gatewayEntryPoint] => CHECKOUT
    [transaction_merchant] => TESTAMBBUICOM201
    [transaction_order_amount] => 88.26
    [transaction_order_creationTime] => 2017-04-28T05:03:39.247Z
    [transaction_order_currency] => AUD
    [transaction_order_description] => Commweb Order
    [transaction_order_id] => V1DC03
    [transaction_order_status] => CAPTURED
    [transaction_order_totalAuthorizedAmount] => 88.26
    [transaction_order_totalCapturedAmount] => 88.26
    [transaction_order_totalRefundedAmount] => 0.00
    [transaction_response_acquirerCode] => 00
    [transaction_response_acquirerMessage] => Approved
    [transaction_response_cardSecurityCode_acquirerCode] => M
    [transaction_response_cardSecurityCode_gatewayCode] => MATCH
    [transaction_response_gatewayCode] => APPROVED
    [transaction_result] => SUCCESS
    [transaction_risk_response_gatewayCode] => ACCEPTED
    [transaction_risk_response_review_decision] => NOT_REQUIRED
    [transaction_risk_response_rule_data] => 511111
    [transaction_risk_response_rule_name] => MERCHANT_BIN_RANGE
    [transaction_risk_response_rule_recommendation] => NO_ACTION
    [transaction_risk_response_rule_type] => MERCHANT_RULE
    [transaction_risk_response_rule] => Array
        (
            [1] => MERCHANT_RULE
            [2] => MERCHANT_RULE
            [3] => MERCHANT_RULE
            [4] => MERCHANT_RULE
            [5] => MERCHANT_RULE
            [6] => MSO_RULE
            [7] => MSO_RULE
            [8] => MSO_RULE
            [9] => MSO_RULE
        )

    [transaction_sourceOfFunds_provided_card_brand] => MASTERCARD
    [transaction_sourceOfFunds_provided_card_expiry_month] => 4
    [transaction_sourceOfFunds_provided_card_expiry_year] => 17
    [transaction_sourceOfFunds_provided_card_fundingMethod] => DEBIT
    [transaction_sourceOfFunds_provided_card_issuer] => U.S. BANK NATIONAL ASSOCIATION, ND
    [transaction_sourceOfFunds_provided_card_nameOnCard] => test
    [transaction_sourceOfFunds_provided_card_number] => 511111xxxxxx1118
    [transaction_sourceOfFunds_provided_card_scheme] => MASTERCARD
    [transaction_sourceOfFunds_type] => CARD
    [transaction_timeOfRecord] => 2017-04-28T05:03:39.247Z
    [transaction_transaction_acquirer_batch] => 20170428
    [transaction_transaction_acquirer_date] => 0428
    [transaction_transaction_acquirer_id] => CBA_S2I
    [transaction_transaction_acquirer_merchantId] => 353109499161636
    [transaction_transaction_acquirer_settlementDate] => 2017-04-28
    [transaction_transaction_acquirer_timeZone] => +1000
    [transaction_transaction_acquirer_transactionId] => 123456789
    [transaction_transaction_amount] => 88.26
    [transaction_transaction_authorizationCode] => 132844
    [transaction_transaction_currency] => AUD
    [transaction_transaction_frequency] => SINGLE
    [transaction_transaction_id] => 1
    [transaction_transaction_receipt] => 711805132844
    [transaction_transaction_source] => INTERNET
    [transaction_transaction_terminal] => CBAS2I01
    [transaction_transaction_type] => PAYMENT
    [transaction_version] => 41
)

start process Commweb \n2017-04-28 15:04:41
 Response from Complete callback of commweb: 
Array
(
    [amount] => 13.36
    [billing_address_city] => Sydney
    [billing_address_country] => NZL
    [billing_address_postcodeZip] => 2000
    [billing_address_street] => Sydney
    [creationTime] => 2017-04-28T05:04:42.112Z
    [currency] => AUD
    [customer_firstName] => test
    [description] => Commweb Order
    [device_browser] => Mozilla/5.0 (Windows NT 10.0; WOW64; rv:43.0) Gecko/20100101 Firefox/43.0
    [device_ipAddress] => 117.0.86.136
    [id] => FVD904
    [merchant] => TESTAMBBUICOM201
    [result] => SUCCESS
    [risk_response_gatewayCode] => ACCEPTED
    [risk_response_review_decision] => NOT_REQUIRED
    [risk_response_rule_data] => 511111
    [risk_response_rule_name] => MERCHANT_BIN_RANGE
    [risk_response_rule_recommendation] => NO_ACTION
    [risk_response_rule_type] => MERCHANT_RULE
    [risk_response_rule] => Array
        (
            [1] => MERCHANT_RULE
            [2] => MERCHANT_RULE
            [3] => MERCHANT_RULE
            [4] => MERCHANT_RULE
            [5] => MERCHANT_RULE
            [6] => MSO_RULE
            [7] => MSO_RULE
            [8] => MSO_RULE
            [9] => MSO_RULE
        )

    [sourceOfFunds_provided_card_brand] => MASTERCARD
    [sourceOfFunds_provided_card_expiry_month] => 5
    [sourceOfFunds_provided_card_expiry_year] => 17
    [sourceOfFunds_provided_card_fundingMethod] => DEBIT
    [sourceOfFunds_provided_card_issuer] => U.S. BANK NATIONAL ASSOCIATION, ND
    [sourceOfFunds_provided_card_nameOnCard] => test
    [sourceOfFunds_provided_card_number] => 511111xxxxxx1118
    [sourceOfFunds_provided_card_scheme] => MASTERCARD
    [sourceOfFunds_type] => CARD
    [status] => CAPTURED
    [totalAuthorizedAmount] => 13.36
    [totalCapturedAmount] => 13.36
    [totalRefundedAmount] => 0.00
    [transaction_authorizationResponse_cardSecurityCodeError] => M
    [transaction_authorizationResponse_commercialCard] => 888
    [transaction_authorizationResponse_commercialCardIndicator] => 3
    [transaction_authorizationResponse_financialNetworkCode] => 777
    [transaction_authorizationResponse_processingCode] => 003000
    [transaction_authorizationResponse_responseCode] => 00
    [transaction_authorizationResponse_stan] => 133864
    [transaction_authorizationResponse_transactionIdentifier] => 123456789
    [transaction_billing_address_city] => Sydney
    [transaction_billing_address_country] => NZL
    [transaction_billing_address_postcodeZip] => 2000
    [transaction_billing_address_street] => Sydney
    [transaction_customer_firstName] => test
    [transaction_device_browser] => Mozilla/5.0 (Windows NT 10.0; WOW64; rv:43.0) Gecko/20100101 Firefox/43.0
    [transaction_device_ipAddress] => 117.0.86.136
    [transaction_gatewayEntryPoint] => CHECKOUT
    [transaction_merchant] => TESTAMBBUICOM201
    [transaction_order_amount] => 13.36
    [transaction_order_creationTime] => 2017-04-28T05:04:42.112Z
    [transaction_order_currency] => AUD
    [transaction_order_description] => Commweb Order
    [transaction_order_id] => FVD904
    [transaction_order_status] => CAPTURED
    [transaction_order_totalAuthorizedAmount] => 13.36
    [transaction_order_totalCapturedAmount] => 13.36
    [transaction_order_totalRefundedAmount] => 0.00
    [transaction_response_acquirerCode] => 00
    [transaction_response_acquirerMessage] => Approved
    [transaction_response_cardSecurityCode_acquirerCode] => M
    [transaction_response_cardSecurityCode_gatewayCode] => MATCH
    [transaction_response_gatewayCode] => APPROVED
    [transaction_result] => SUCCESS
    [transaction_risk_response_gatewayCode] => ACCEPTED
    [transaction_risk_response_review_decision] => NOT_REQUIRED
    [transaction_risk_response_rule_data] => 511111
    [transaction_risk_response_rule_name] => MERCHANT_BIN_RANGE
    [transaction_risk_response_rule_recommendation] => NO_ACTION
    [transaction_risk_response_rule_type] => MERCHANT_RULE
    [transaction_risk_response_rule] => Array
        (
            [1] => MERCHANT_RULE
            [2] => MERCHANT_RULE
            [3] => MERCHANT_RULE
            [4] => MERCHANT_RULE
            [5] => MERCHANT_RULE
            [6] => MSO_RULE
            [7] => MSO_RULE
            [8] => MSO_RULE
            [9] => MSO_RULE
        )

    [transaction_sourceOfFunds_provided_card_brand] => MASTERCARD
    [transaction_sourceOfFunds_provided_card_expiry_month] => 5
    [transaction_sourceOfFunds_provided_card_expiry_year] => 17
    [transaction_sourceOfFunds_provided_card_fundingMethod] => DEBIT
    [transaction_sourceOfFunds_provided_card_issuer] => U.S. BANK NATIONAL ASSOCIATION, ND
    [transaction_sourceOfFunds_provided_card_nameOnCard] => test
    [transaction_sourceOfFunds_provided_card_number] => 511111xxxxxx1118
    [transaction_sourceOfFunds_provided_card_scheme] => MASTERCARD
    [transaction_sourceOfFunds_type] => CARD
    [transaction_timeOfRecord] => 2017-04-28T05:04:42.112Z
    [transaction_transaction_acquirer_batch] => 20170428
    [transaction_transaction_acquirer_date] => 0428
    [transaction_transaction_acquirer_id] => CBA_S2I
    [transaction_transaction_acquirer_merchantId] => 353109499161636
    [transaction_transaction_acquirer_settlementDate] => 2017-04-28
    [transaction_transaction_acquirer_timeZone] => +1000
    [transaction_transaction_acquirer_transactionId] => 123456789
    [transaction_transaction_amount] => 13.36
    [transaction_transaction_authorizationCode] => 133864
    [transaction_transaction_currency] => AUD
    [transaction_transaction_frequency] => SINGLE
    [transaction_transaction_id] => 1
    [transaction_transaction_receipt] => 711805133864
    [transaction_transaction_source] => INTERNET
    [transaction_transaction_terminal] => CBAS2I01
    [transaction_transaction_type] => PAYMENT
    [transaction_version] => 41
)

start process Commweb \n2017-04-28 15:07:21
 Response from Complete callback of commweb: 
Array
(
    [amount] => 13.36
    [billing_address_city] => Sydney
    [billing_address_country] => NZL
    [billing_address_postcodeZip] => 2000
    [billing_address_street] => Sydney
    [creationTime] => 2017-04-28T05:07:21.161Z
    [currency] => AUD
    [customer_firstName] => test
    [description] => Commweb Order
    [device_browser] => Mozilla/5.0 (Windows NT 10.0; WOW64; rv:43.0) Gecko/20100101 Firefox/43.0
    [device_ipAddress] => 117.0.86.136
    [id] => STK105
    [merchant] => TESTAMBBUICOM201
    [result] => SUCCESS
    [risk_response_gatewayCode] => ACCEPTED
    [risk_response_review_decision] => NOT_REQUIRED
    [risk_response_rule_data] => 511111
    [risk_response_rule_name] => MERCHANT_BIN_RANGE
    [risk_response_rule_recommendation] => NO_ACTION
    [risk_response_rule_type] => MERCHANT_RULE
    [risk_response_rule] => Array
        (
            [1] => MERCHANT_RULE
            [2] => MERCHANT_RULE
            [3] => MERCHANT_RULE
            [4] => MERCHANT_RULE
            [5] => MERCHANT_RULE
            [6] => MSO_RULE
            [7] => MSO_RULE
            [8] => MSO_RULE
            [9] => MSO_RULE
        )

    [sourceOfFunds_provided_card_brand] => MASTERCARD
    [sourceOfFunds_provided_card_expiry_month] => 5
    [sourceOfFunds_provided_card_expiry_year] => 17
    [sourceOfFunds_provided_card_fundingMethod] => DEBIT
    [sourceOfFunds_provided_card_issuer] => U.S. BANK NATIONAL ASSOCIATION, ND
    [sourceOfFunds_provided_card_nameOnCard] => test
    [sourceOfFunds_provided_card_number] => 511111xxxxxx1118
    [sourceOfFunds_provided_card_scheme] => MASTERCARD
    [sourceOfFunds_type] => CARD
    [status] => CAPTURED
    [totalAuthorizedAmount] => 13.36
    [totalCapturedAmount] => 13.36
    [totalRefundedAmount] => 0.00
    [transaction_authorizationResponse_cardSecurityCodeError] => M
    [transaction_authorizationResponse_commercialCard] => 888
    [transaction_authorizationResponse_commercialCardIndicator] => 3
    [transaction_authorizationResponse_financialNetworkCode] => 777
    [transaction_authorizationResponse_processingCode] => 003000
    [transaction_authorizationResponse_responseCode] => 00
    [transaction_authorizationResponse_stan] => 134934
    [transaction_authorizationResponse_transactionIdentifier] => 123456789
    [transaction_billing_address_city] => Sydney
    [transaction_billing_address_country] => NZL
    [transaction_billing_address_postcodeZip] => 2000
    [transaction_billing_address_street] => Sydney
    [transaction_customer_firstName] => test
    [transaction_device_browser] => Mozilla/5.0 (Windows NT 10.0; WOW64; rv:43.0) Gecko/20100101 Firefox/43.0
    [transaction_device_ipAddress] => 117.0.86.136
    [transaction_gatewayEntryPoint] => CHECKOUT
    [transaction_merchant] => TESTAMBBUICOM201
    [transaction_order_amount] => 13.36
    [transaction_order_creationTime] => 2017-04-28T05:07:21.161Z
    [transaction_order_currency] => AUD
    [transaction_order_description] => Commweb Order
    [transaction_order_id] => STK105
    [transaction_order_status] => CAPTURED
    [transaction_order_totalAuthorizedAmount] => 13.36
    [transaction_order_totalCapturedAmount] => 13.36
    [transaction_order_totalRefundedAmount] => 0.00
    [transaction_response_acquirerCode] => 00
    [transaction_response_acquirerMessage] => Approved
    [transaction_response_cardSecurityCode_acquirerCode] => M
    [transaction_response_cardSecurityCode_gatewayCode] => MATCH
    [transaction_response_gatewayCode] => APPROVED
    [transaction_result] => SUCCESS
    [transaction_risk_response_gatewayCode] => ACCEPTED
    [transaction_risk_response_review_decision] => NOT_REQUIRED
    [transaction_risk_response_rule_data] => 511111
    [transaction_risk_response_rule_name] => MERCHANT_BIN_RANGE
    [transaction_risk_response_rule_recommendation] => NO_ACTION
    [transaction_risk_response_rule_type] => MERCHANT_RULE
    [transaction_risk_response_rule] => Array
        (
            [1] => MERCHANT_RULE
            [2] => MERCHANT_RULE
            [3] => MERCHANT_RULE
            [4] => MERCHANT_RULE
            [5] => MERCHANT_RULE
            [6] => MSO_RULE
            [7] => MSO_RULE
            [8] => MSO_RULE
            [9] => MSO_RULE
        )

    [transaction_sourceOfFunds_provided_card_brand] => MASTERCARD
    [transaction_sourceOfFunds_provided_card_expiry_month] => 5
    [transaction_sourceOfFunds_provided_card_expiry_year] => 17
    [transaction_sourceOfFunds_provided_card_fundingMethod] => DEBIT
    [transaction_sourceOfFunds_provided_card_issuer] => U.S. BANK NATIONAL ASSOCIATION, ND
    [transaction_sourceOfFunds_provided_card_nameOnCard] => test
    [transaction_sourceOfFunds_provided_card_number] => 511111xxxxxx1118
    [transaction_sourceOfFunds_provided_card_scheme] => MASTERCARD
    [transaction_sourceOfFunds_type] => CARD
    [transaction_timeOfRecord] => 2017-04-28T05:07:21.161Z
    [transaction_transaction_acquirer_batch] => 20170428
    [transaction_transaction_acquirer_date] => 0428
    [transaction_transaction_acquirer_id] => CBA_S2I
    [transaction_transaction_acquirer_merchantId] => 353109499161636
    [transaction_transaction_acquirer_settlementDate] => 2017-04-28
    [transaction_transaction_acquirer_timeZone] => +1000
    [transaction_transaction_acquirer_transactionId] => 123456789
    [transaction_transaction_amount] => 13.36
    [transaction_transaction_authorizationCode] => 134934
    [transaction_transaction_currency] => AUD
    [transaction_transaction_frequency] => SINGLE
    [transaction_transaction_id] => 1
    [transaction_transaction_receipt] => 711805134934
    [transaction_transaction_source] => INTERNET
    [transaction_transaction_terminal] => CBAS2I01
    [transaction_transaction_type] => PAYMENT
    [transaction_version] => 41
)

start process Commweb \nstart process Commweb \n2017-04-28 15:53:19
 Response from Complete callback of commweb: 
Array
(
    [amount] => 13.36
    [billing_address_city] => Sydney
    [billing_address_country] => NZL
    [billing_address_postcodeZip] => 2000
    [billing_address_street] => Sydney
    [creationTime] => 2017-04-28T05:53:19.181Z
    [currency] => AUD
    [customer_firstName] => test
    [description] => Commweb Order
    [device_browser] => Mozilla/5.0 (Windows NT 10.0; WOW64; rv:43.0) Gecko/20100101 Firefox/43.0
    [device_ipAddress] => 117.0.86.136
    [id] => 1TX307
    [merchant] => TESTAMBBUICOM201
    [result] => SUCCESS
    [risk_response_gatewayCode] => ACCEPTED
    [risk_response_review_decision] => NOT_REQUIRED
    [risk_response_rule_data] => 511111
    [risk_response_rule_name] => MERCHANT_BIN_RANGE
    [risk_response_rule_recommendation] => NO_ACTION
    [risk_response_rule_type] => MERCHANT_RULE
    [risk_response_rule] => Array
        (
            [1] => MERCHANT_RULE
            [2] => MERCHANT_RULE
            [3] => MERCHANT_RULE
            [4] => MERCHANT_RULE
            [5] => MERCHANT_RULE
            [6] => MSO_RULE
            [7] => MSO_RULE
            [8] => MSO_RULE
            [9] => MSO_RULE
        )

    [sourceOfFunds_provided_card_brand] => MASTERCARD
    [sourceOfFunds_provided_card_expiry_month] => 5
    [sourceOfFunds_provided_card_expiry_year] => 17
    [sourceOfFunds_provided_card_fundingMethod] => DEBIT
    [sourceOfFunds_provided_card_issuer] => U.S. BANK NATIONAL ASSOCIATION, ND
    [sourceOfFunds_provided_card_nameOnCard] => test
    [sourceOfFunds_provided_card_number] => 511111xxxxxx1118
    [sourceOfFunds_provided_card_scheme] => MASTERCARD
    [sourceOfFunds_type] => CARD
    [status] => CAPTURED
    [totalAuthorizedAmount] => 13.36
    [totalCapturedAmount] => 13.36
    [totalRefundedAmount] => 0.00
    [transaction_authorizationResponse_cardSecurityCodeError] => M
    [transaction_authorizationResponse_commercialCard] => 888
    [transaction_authorizationResponse_commercialCardIndicator] => 3
    [transaction_authorizationResponse_financialNetworkCode] => 777
    [transaction_authorizationResponse_processingCode] => 003000
    [transaction_authorizationResponse_responseCode] => 00
    [transaction_authorizationResponse_stan] => 141357
    [transaction_authorizationResponse_transactionIdentifier] => 123456789
    [transaction_billing_address_city] => Sydney
    [transaction_billing_address_country] => NZL
    [transaction_billing_address_postcodeZip] => 2000
    [transaction_billing_address_street] => Sydney
    [transaction_customer_firstName] => test
    [transaction_device_browser] => Mozilla/5.0 (Windows NT 10.0; WOW64; rv:43.0) Gecko/20100101 Firefox/43.0
    [transaction_device_ipAddress] => 117.0.86.136
    [transaction_gatewayEntryPoint] => CHECKOUT
    [transaction_merchant] => TESTAMBBUICOM201
    [transaction_order_amount] => 13.36
    [transaction_order_creationTime] => 2017-04-28T05:53:19.181Z
    [transaction_order_currency] => AUD
    [transaction_order_description] => Commweb Order
    [transaction_order_id] => 1TX307
    [transaction_order_status] => CAPTURED
    [transaction_order_totalAuthorizedAmount] => 13.36
    [transaction_order_totalCapturedAmount] => 13.36
    [transaction_order_totalRefundedAmount] => 0.00
    [transaction_response_acquirerCode] => 00
    [transaction_response_acquirerMessage] => Approved
    [transaction_response_cardSecurityCode_acquirerCode] => M
    [transaction_response_cardSecurityCode_gatewayCode] => MATCH
    [transaction_response_gatewayCode] => APPROVED
    [transaction_result] => SUCCESS
    [transaction_risk_response_gatewayCode] => ACCEPTED
    [transaction_risk_response_review_decision] => NOT_REQUIRED
    [transaction_risk_response_rule_data] => 511111
    [transaction_risk_response_rule_name] => MERCHANT_BIN_RANGE
    [transaction_risk_response_rule_recommendation] => NO_ACTION
    [transaction_risk_response_rule_type] => MERCHANT_RULE
    [transaction_risk_response_rule] => Array
        (
            [1] => MERCHANT_RULE
            [2] => MERCHANT_RULE
            [3] => MERCHANT_RULE
            [4] => MERCHANT_RULE
            [5] => MERCHANT_RULE
            [6] => MSO_RULE
            [7] => MSO_RULE
            [8] => MSO_RULE
            [9] => MSO_RULE
        )

    [transaction_sourceOfFunds_provided_card_brand] => MASTERCARD
    [transaction_sourceOfFunds_provided_card_expiry_month] => 5
    [transaction_sourceOfFunds_provided_card_expiry_year] => 17
    [transaction_sourceOfFunds_provided_card_fundingMethod] => DEBIT
    [transaction_sourceOfFunds_provided_card_issuer] => U.S. BANK NATIONAL ASSOCIATION, ND
    [transaction_sourceOfFunds_provided_card_nameOnCard] => test
    [transaction_sourceOfFunds_provided_card_number] => 511111xxxxxx1118
    [transaction_sourceOfFunds_provided_card_scheme] => MASTERCARD
    [transaction_sourceOfFunds_type] => CARD
    [transaction_timeOfRecord] => 2017-04-28T05:53:19.181Z
    [transaction_transaction_acquirer_batch] => 20170428
    [transaction_transaction_acquirer_date] => 0428
    [transaction_transaction_acquirer_id] => CBA_S2I
    [transaction_transaction_acquirer_merchantId] => 353109499161636
    [transaction_transaction_acquirer_settlementDate] => 2017-04-28
    [transaction_transaction_acquirer_timeZone] => +1000
    [transaction_transaction_acquirer_transactionId] => 123456789
    [transaction_transaction_amount] => 13.36
    [transaction_transaction_authorizationCode] => 141357
    [transaction_transaction_currency] => AUD
    [transaction_transaction_frequency] => SINGLE
    [transaction_transaction_id] => 1
    [transaction_transaction_receipt] => 711805141357
    [transaction_transaction_source] => INTERNET
    [transaction_transaction_terminal] => CBAS2I01
    [transaction_transaction_type] => PAYMENT
    [transaction_version] => 41
)

start process Commweb \nstart process Commweb \nstart process Commweb \nstart process Commweb \n2017-04-28 17:24:03
 Response from Complete callback of commweb: 
Array
(
    [amount] => 18.26
    [billing_address_city] => Sydney
    [billing_address_country] => NZL
    [billing_address_postcodeZip] => 2000
    [billing_address_street] => Sydney
    [creationTime] => 2017-04-28T07:24:02.868Z
    [currency] => AUD
    [customer_firstName] => test
    [description] => Commweb Order
    [device_browser] => Mozilla/5.0 (Windows NT 10.0; Win64; x64) AppleWebKit/537.36 (KHTML, like Gecko) Chrome/58.0.3029.81 Safari/537.36
    [device_ipAddress] => 27.72.157.158
    [id] => 7E3G03
    [merchant] => TESTAMBBUICOM201
    [result] => SUCCESS
    [risk_response_gatewayCode] => ACCEPTED
    [risk_response_review_decision] => NOT_REQUIRED
    [risk_response_rule_data] => 511111
    [risk_response_rule_name] => MERCHANT_BIN_RANGE
    [risk_response_rule_recommendation] => NO_ACTION
    [risk_response_rule_type] => MERCHANT_RULE
    [risk_response_rule] => Array
        (
            [1] => MERCHANT_RULE
            [2] => MERCHANT_RULE
            [3] => MERCHANT_RULE
            [4] => MERCHANT_RULE
            [5] => MERCHANT_RULE
            [6] => MSO_RULE
            [7] => MSO_RULE
            [8] => MSO_RULE
            [9] => MSO_RULE
        )

    [sourceOfFunds_provided_card_brand] => MASTERCARD
    [sourceOfFunds_provided_card_expiry_month] => 5
    [sourceOfFunds_provided_card_expiry_year] => 17
    [sourceOfFunds_provided_card_fundingMethod] => DEBIT
    [sourceOfFunds_provided_card_issuer] => U.S. BANK NATIONAL ASSOCIATION, ND
    [sourceOfFunds_provided_card_nameOnCard] => test
    [sourceOfFunds_provided_card_number] => 511111xxxxxx1118
    [sourceOfFunds_provided_card_scheme] => MASTERCARD
    [sourceOfFunds_type] => CARD
    [status] => CAPTURED
    [totalAuthorizedAmount] => 18.26
    [totalCapturedAmount] => 18.26
    [totalRefundedAmount] => 0.00
    [transaction_authorizationResponse_cardSecurityCodeError] => M
    [transaction_authorizationResponse_commercialCard] => 888
    [transaction_authorizationResponse_commercialCardIndicator] => 3
    [transaction_authorizationResponse_financialNetworkCode] => 777
    [transaction_authorizationResponse_processingCode] => 003000
    [transaction_authorizationResponse_responseCode] => 00
    [transaction_authorizationResponse_stan] => 132850
    [transaction_authorizationResponse_transactionIdentifier] => 123456789
    [transaction_billing_address_city] => Sydney
    [transaction_billing_address_country] => NZL
    [transaction_billing_address_postcodeZip] => 2000
    [transaction_billing_address_street] => Sydney
    [transaction_customer_firstName] => test
    [transaction_device_browser] => Mozilla/5.0 (Windows NT 10.0; Win64; x64) AppleWebKit/537.36 (KHTML, like Gecko) Chrome/58.0.3029.81 Safari/537.36
    [transaction_device_ipAddress] => 27.72.157.158
    [transaction_gatewayEntryPoint] => CHECKOUT
    [transaction_merchant] => TESTAMBBUICOM201
    [transaction_order_amount] => 18.26
    [transaction_order_creationTime] => 2017-04-28T07:24:02.868Z
    [transaction_order_currency] => AUD
    [transaction_order_description] => Commweb Order
    [transaction_order_id] => 7E3G03
    [transaction_order_status] => CAPTURED
    [transaction_order_totalAuthorizedAmount] => 18.26
    [transaction_order_totalCapturedAmount] => 18.26
    [transaction_order_totalRefundedAmount] => 0.00
    [transaction_response_acquirerCode] => 00
    [transaction_response_acquirerMessage] => Approved
    [transaction_response_cardSecurityCode_acquirerCode] => M
    [transaction_response_cardSecurityCode_gatewayCode] => MATCH
    [transaction_response_gatewayCode] => APPROVED
    [transaction_result] => SUCCESS
    [transaction_risk_response_gatewayCode] => ACCEPTED
    [transaction_risk_response_review_decision] => NOT_REQUIRED
    [transaction_risk_response_rule_data] => 511111
    [transaction_risk_response_rule_name] => MERCHANT_BIN_RANGE
    [transaction_risk_response_rule_recommendation] => NO_ACTION
    [transaction_risk_response_rule_type] => MERCHANT_RULE
    [transaction_risk_response_rule] => Array
        (
            [1] => MERCHANT_RULE
            [2] => MERCHANT_RULE
            [3] => MERCHANT_RULE
            [4] => MERCHANT_RULE
            [5] => MERCHANT_RULE
            [6] => MSO_RULE
            [7] => MSO_RULE
            [8] => MSO_RULE
            [9] => MSO_RULE
        )

    [transaction_sourceOfFunds_provided_card_brand] => MASTERCARD
    [transaction_sourceOfFunds_provided_card_expiry_month] => 5
    [transaction_sourceOfFunds_provided_card_expiry_year] => 17
    [transaction_sourceOfFunds_provided_card_fundingMethod] => DEBIT
    [transaction_sourceOfFunds_provided_card_issuer] => U.S. BANK NATIONAL ASSOCIATION, ND
    [transaction_sourceOfFunds_provided_card_nameOnCard] => test
    [transaction_sourceOfFunds_provided_card_number] => 511111xxxxxx1118
    [transaction_sourceOfFunds_provided_card_scheme] => MASTERCARD
    [transaction_sourceOfFunds_type] => CARD
    [transaction_timeOfRecord] => 2017-04-28T07:24:02.868Z
    [transaction_transaction_acquirer_batch] => 20170428
    [transaction_transaction_acquirer_date] => 0428
    [transaction_transaction_acquirer_id] => CBA_S2I
    [transaction_transaction_acquirer_merchantId] => 353109499161636
    [transaction_transaction_acquirer_settlementDate] => 2017-04-28
    [transaction_transaction_acquirer_timeZone] => +1000
    [transaction_transaction_acquirer_transactionId] => 123456789
    [transaction_transaction_amount] => 18.26
    [transaction_transaction_authorizationCode] => 132850
    [transaction_transaction_currency] => AUD
    [transaction_transaction_frequency] => SINGLE
    [transaction_transaction_id] => 1
    [transaction_transaction_receipt] => 711807132850
    [transaction_transaction_source] => INTERNET
    [transaction_transaction_terminal] => CBAS2I01
    [transaction_transaction_type] => PAYMENT
    [transaction_version] => 41
)

start process Commweb \nstart process Commweb \nstart process Commweb \n2017-04-28 18:40:45
 Response from Complete callback of commweb: 
Array
(
    [amount] => 123.46
    [billing_address_city] => êr
    [billing_address_country] => ASM
    [billing_address_postcodeZip] => 2000
    [billing_address_street] => f
    [creationTime] => 2017-04-28T08:40:45.975Z
    [currency] => AUD
    [customer_firstName] => ss
    [description] => Commweb Order
    [device_browser] => Mozilla/5.0 (Windows NT 10.0; Win64; x64) AppleWebKit/537.36 (KHTML, like Gecko) Chrome/58.0.3029.81 Safari/537.36
    [device_ipAddress] => 27.72.157.158
    [id] => XP3E04
    [merchant] => TESTAMBBUICOM201
    [result] => SUCCESS
    [risk_response_gatewayCode] => ACCEPTED
    [risk_response_review_decision] => NOT_REQUIRED
    [risk_response_rule_data] => 400552
    [risk_response_rule_name] => MERCHANT_BIN_RANGE
    [risk_response_rule_recommendation] => NO_ACTION
    [risk_response_rule_type] => MERCHANT_RULE
    [risk_response_rule] => Array
        (
            [1] => MERCHANT_RULE
            [2] => MERCHANT_RULE
            [3] => MERCHANT_RULE
            [4] => MERCHANT_RULE
            [5] => MERCHANT_RULE
            [6] => MSO_RULE
            [7] => MSO_RULE
            [8] => MSO_RULE
            [9] => MSO_RULE
        )

    [sourceOfFunds_provided_card_brand] => VISA
    [sourceOfFunds_provided_card_expiry_month] => 5
    [sourceOfFunds_provided_card_expiry_year] => 17
    [sourceOfFunds_provided_card_fundingMethod] => CREDIT
    [sourceOfFunds_provided_card_nameOnCard] => ss
    [sourceOfFunds_provided_card_number] => 400552xxxxxx4821
    [sourceOfFunds_provided_card_scheme] => VISA
    [sourceOfFunds_type] => CARD
    [status] => CAPTURED
    [totalAuthorizedAmount] => 123.46
    [totalCapturedAmount] => 123.46
    [totalRefundedAmount] => 0.00
    [transaction_authorizationResponse_cardLevelIndicator] => 88
    [transaction_authorizationResponse_cardSecurityCodeError] => N
    [transaction_authorizationResponse_commercialCard] => 888
    [transaction_authorizationResponse_commercialCardIndicator] => 3
    [transaction_authorizationResponse_marketSpecificData] => 8
    [transaction_authorizationResponse_processingCode] => 003000
    [transaction_authorizationResponse_responseCode] => 00
    [transaction_authorizationResponse_returnAci] => 8
    [transaction_authorizationResponse_stan] => 139202
    [transaction_authorizationResponse_transactionIdentifier] => 123456789012345
    [transaction_authorizationResponse_validationCode] => 6789
    [transaction_billing_address_city] => êr
    [transaction_billing_address_country] => ASM
    [transaction_billing_address_postcodeZip] => 2000
    [transaction_billing_address_street] => f
    [transaction_customer_firstName] => ss
    [transaction_device_browser] => Mozilla/5.0 (Windows NT 10.0; Win64; x64) AppleWebKit/537.36 (KHTML, like Gecko) Chrome/58.0.3029.81 Safari/537.36
    [transaction_device_ipAddress] => 27.72.157.158
    [transaction_gatewayEntryPoint] => CHECKOUT
    [transaction_merchant] => TESTAMBBUICOM201
    [transaction_order_amount] => 123.46
    [transaction_order_creationTime] => 2017-04-28T08:40:45.975Z
    [transaction_order_currency] => AUD
    [transaction_order_description] => Commweb Order
    [transaction_order_id] => XP3E04
    [transaction_order_status] => CAPTURED
    [transaction_order_totalAuthorizedAmount] => 123.46
    [transaction_order_totalCapturedAmount] => 123.46
    [transaction_order_totalRefundedAmount] => 0.00
    [transaction_response_acquirerCode] => 00
    [transaction_response_acquirerMessage] => Approved
    [transaction_response_cardSecurityCode_acquirerCode] => N
    [transaction_response_cardSecurityCode_gatewayCode] => NO_MATCH
    [transaction_response_gatewayCode] => APPROVED
    [transaction_result] => SUCCESS
    [transaction_risk_response_gatewayCode] => ACCEPTED
    [transaction_risk_response_review_decision] => NOT_REQUIRED
    [transaction_risk_response_rule_data] => 400552
    [transaction_risk_response_rule_name] => MERCHANT_BIN_RANGE
    [transaction_risk_response_rule_recommendation] => NO_ACTION
    [transaction_risk_response_rule_type] => MERCHANT_RULE
    [transaction_risk_response_rule] => Array
        (
            [1] => MERCHANT_RULE
            [2] => MERCHANT_RULE
            [3] => MERCHANT_RULE
            [4] => MERCHANT_RULE
            [5] => MERCHANT_RULE
            [6] => MSO_RULE
            [7] => MSO_RULE
            [8] => MSO_RULE
            [9] => MSO_RULE
        )

    [transaction_sourceOfFunds_provided_card_brand] => VISA
    [transaction_sourceOfFunds_provided_card_expiry_month] => 5
    [transaction_sourceOfFunds_provided_card_expiry_year] => 17
    [transaction_sourceOfFunds_provided_card_fundingMethod] => CREDIT
    [transaction_sourceOfFunds_provided_card_nameOnCard] => ss
    [transaction_sourceOfFunds_provided_card_number] => 400552xxxxxx4821
    [transaction_sourceOfFunds_provided_card_scheme] => VISA
    [transaction_sourceOfFunds_type] => CARD
    [transaction_timeOfRecord] => 2017-04-28T08:40:45.975Z
    [transaction_transaction_acquirer_batch] => 20170428
    [transaction_transaction_acquirer_date] => 0428
    [transaction_transaction_acquirer_id] => CBA_S2I
    [transaction_transaction_acquirer_merchantId] => 353109499161636
    [transaction_transaction_acquirer_transactionId] => 123456789012345
    [transaction_transaction_amount] => 123.46
    [transaction_transaction_authorizationCode] => 139202
    [transaction_transaction_currency] => AUD
    [transaction_transaction_frequency] => SINGLE
    [transaction_transaction_id] => 1
    [transaction_transaction_receipt] => 711808139202
    [transaction_transaction_source] => INTERNET
    [transaction_transaction_terminal] => CBAS2I01
    [transaction_transaction_type] => PAYMENT
    [transaction_version] => 36
)

start process Commweb \n2017-04-28 18:42:19
 Response from Complete callback of commweb: 
Array
(
    [amount] => 74.41
    [billing_address_city] => êr
    [billing_address_country] => ASM
    [billing_address_postcodeZip] => 2000
    [billing_address_street] => f
    [creationTime] => 2017-04-28T08:42:19.904Z
    [currency] => AUD
    [customer_firstName] => tuyet
    [description] => Commweb Order
    [device_browser] => Mozilla/5.0 (Windows NT 10.0; Win64; x64) AppleWebKit/537.36 (KHTML, like Gecko) Chrome/58.0.3029.81 Safari/537.36
    [device_ipAddress] => 27.72.157.158
    [id] => EFN805
    [merchant] => TESTAMBBUICOM201
    [result] => SUCCESS
    [risk_response_gatewayCode] => ACCEPTED
    [risk_response_review_decision] => NOT_REQUIRED
    [risk_response_rule_data] => 222300
    [risk_response_rule_name] => MERCHANT_BIN_RANGE
    [risk_response_rule_recommendation] => NO_ACTION
    [risk_response_rule_type] => MERCHANT_RULE
    [risk_response_rule] => Array
        (
            [1] => MERCHANT_RULE
            [2] => MERCHANT_RULE
            [3] => MERCHANT_RULE
            [4] => MERCHANT_RULE
            [5] => MERCHANT_RULE
            [6] => MSO_RULE
            [7] => MSO_RULE
            [8] => MSO_RULE
            [9] => MSO_RULE
        )

    [sourceOfFunds_provided_card_brand] => MASTERCARD
    [sourceOfFunds_provided_card_expiry_month] => 5
    [sourceOfFunds_provided_card_expiry_year] => 17
    [sourceOfFunds_provided_card_fundingMethod] => UNKNOWN
    [sourceOfFunds_provided_card_nameOnCard] => tuyet
    [sourceOfFunds_provided_card_number] => 222300xxxxxx0007
    [sourceOfFunds_provided_card_scheme] => MASTERCARD
    [sourceOfFunds_type] => CARD
    [status] => CAPTURED
    [totalAuthorizedAmount] => 74.41
    [totalCapturedAmount] => 74.41
    [totalRefundedAmount] => 0.00
    [transaction_authorizationResponse_cardSecurityCodeError] => P
    [transaction_authorizationResponse_commercialCard] => 888
    [transaction_authorizationResponse_commercialCardIndicator] => 3
    [transaction_authorizationResponse_financialNetworkCode] => 777
    [transaction_authorizationResponse_processingCode] => 003000
    [transaction_authorizationResponse_responseCode] => 00
    [transaction_authorizationResponse_stan] => 140282
    [transaction_authorizationResponse_transactionIdentifier] => 123456789
    [transaction_billing_address_city] => êr
    [transaction_billing_address_country] => ASM
    [transaction_billing_address_postcodeZip] => 2000
    [transaction_billing_address_street] => f
    [transaction_customer_firstName] => tuyet
    [transaction_device_browser] => Mozilla/5.0 (Windows NT 10.0; Win64; x64) AppleWebKit/537.36 (KHTML, like Gecko) Chrome/58.0.3029.81 Safari/537.36
    [transaction_device_ipAddress] => 27.72.157.158
    [transaction_gatewayEntryPoint] => CHECKOUT
    [transaction_merchant] => TESTAMBBUICOM201
    [transaction_order_amount] => 74.41
    [transaction_order_creationTime] => 2017-04-28T08:42:19.904Z
    [transaction_order_currency] => AUD
    [transaction_order_description] => Commweb Order
    [transaction_order_id] => EFN805
    [transaction_order_status] => CAPTURED
    [transaction_order_totalAuthorizedAmount] => 74.41
    [transaction_order_totalCapturedAmount] => 74.41
    [transaction_order_totalRefundedAmount] => 0.00
    [transaction_response_acquirerCode] => 00
    [transaction_response_acquirerMessage] => Approved
    [transaction_response_cardSecurityCode_acquirerCode] => P
    [transaction_response_cardSecurityCode_gatewayCode] => NOT_PROCESSED
    [transaction_response_gatewayCode] => APPROVED
    [transaction_result] => SUCCESS
    [transaction_risk_response_gatewayCode] => ACCEPTED
    [transaction_risk_response_review_decision] => NOT_REQUIRED
    [transaction_risk_response_rule_data] => 222300
    [transaction_risk_response_rule_name] => MERCHANT_BIN_RANGE
    [transaction_risk_response_rule_recommendation] => NO_ACTION
    [transaction_risk_response_rule_type] => MERCHANT_RULE
    [transaction_risk_response_rule] => Array
        (
            [1] => MERCHANT_RULE
            [2] => MERCHANT_RULE
            [3] => MERCHANT_RULE
            [4] => MERCHANT_RULE
            [5] => MERCHANT_RULE
            [6] => MSO_RULE
            [7] => MSO_RULE
            [8] => MSO_RULE
            [9] => MSO_RULE
        )

    [transaction_sourceOfFunds_provided_card_brand] => MASTERCARD
    [transaction_sourceOfFunds_provided_card_expiry_month] => 5
    [transaction_sourceOfFunds_provided_card_expiry_year] => 17
    [transaction_sourceOfFunds_provided_card_fundingMethod] => UNKNOWN
    [transaction_sourceOfFunds_provided_card_nameOnCard] => tuyet
    [transaction_sourceOfFunds_provided_card_number] => 222300xxxxxx0007
    [transaction_sourceOfFunds_provided_card_scheme] => MASTERCARD
    [transaction_sourceOfFunds_type] => CARD
    [transaction_timeOfRecord] => 2017-04-28T08:42:19.904Z
    [transaction_transaction_acquirer_batch] => 20170428
    [transaction_transaction_acquirer_date] => 0428
    [transaction_transaction_acquirer_id] => CBA_S2I
    [transaction_transaction_acquirer_merchantId] => 353109499161636
    [transaction_transaction_acquirer_transactionId] => 123456789
    [transaction_transaction_amount] => 74.41
    [transaction_transaction_authorizationCode] => 140282
    [transaction_transaction_currency] => AUD
    [transaction_transaction_frequency] => SINGLE
    [transaction_transaction_id] => 1
    [transaction_transaction_receipt] => 711808140282
    [transaction_transaction_source] => INTERNET
    [transaction_transaction_terminal] => CBAS2I01
    [transaction_transaction_type] => PAYMENT
    [transaction_version] => 36
)

start process Commweb \n2017-04-28 18:44:27
 Response from Complete callback of commweb: 
Array
(
    [amount] => 74.41
    [billing_address_city] => êr
    [billing_address_country] => ASM
    [billing_address_postcodeZip] => 2000
    [billing_address_street] => f
    [creationTime] => 2017-04-28T08:44:28.275Z
    [currency] => AUD
    [customer_firstName] => try
    [description] => Commweb Order
    [device_browser] => Mozilla/5.0 (Windows NT 10.0; Win64; x64) AppleWebKit/537.36 (KHTML, like Gecko) Chrome/58.0.3029.81 Safari/537.36
    [device_ipAddress] => 27.72.157.158
    [id] => 2Z3606
    [merchant] => TESTAMBBUICOM201
    [result] => SUCCESS
    [risk_response_gatewayCode] => ACCEPTED
    [risk_response_review_decision] => NOT_REQUIRED
    [risk_response_rule_data] => 222300
    [risk_response_rule_name] => MERCHANT_BIN_RANGE
    [risk_response_rule_recommendation] => NO_ACTION
    [risk_response_rule_type] => MERCHANT_RULE
    [risk_response_rule] => Array
        (
            [1] => MERCHANT_RULE
            [2] => MERCHANT_RULE
            [3] => MERCHANT_RULE
            [4] => MERCHANT_RULE
            [5] => MERCHANT_RULE
            [6] => MSO_RULE
            [7] => MSO_RULE
            [8] => MSO_RULE
            [9] => MSO_RULE
        )

    [sourceOfFunds_provided_card_brand] => MASTERCARD
    [sourceOfFunds_provided_card_expiry_month] => 5
    [sourceOfFunds_provided_card_expiry_year] => 17
    [sourceOfFunds_provided_card_fundingMethod] => UNKNOWN
    [sourceOfFunds_provided_card_nameOnCard] => try
    [sourceOfFunds_provided_card_number] => 222300xxxxxx0007
    [sourceOfFunds_provided_card_scheme] => MASTERCARD
    [sourceOfFunds_type] => CARD
    [status] => CAPTURED
    [totalAuthorizedAmount] => 74.41
    [totalCapturedAmount] => 74.41
    [totalRefundedAmount] => 0.00
    [transaction_authorizationResponse_cardSecurityCodeError] => N
    [transaction_authorizationResponse_commercialCard] => 888
    [transaction_authorizationResponse_commercialCardIndicator] => 3
    [transaction_authorizationResponse_financialNetworkCode] => 777
    [transaction_authorizationResponse_processingCode] => 003000
    [transaction_authorizationResponse_responseCode] => 00
    [transaction_authorizationResponse_stan] => 141362
    [transaction_authorizationResponse_transactionIdentifier] => 123456789
    [transaction_billing_address_city] => êr
    [transaction_billing_address_country] => ASM
    [transaction_billing_address_postcodeZip] => 2000
    [transaction_billing_address_street] => f
    [transaction_customer_firstName] => try
    [transaction_device_browser] => Mozilla/5.0 (Windows NT 10.0; Win64; x64) AppleWebKit/537.36 (KHTML, like Gecko) Chrome/58.0.3029.81 Safari/537.36
    [transaction_device_ipAddress] => 27.72.157.158
    [transaction_gatewayEntryPoint] => CHECKOUT
    [transaction_merchant] => TESTAMBBUICOM201
    [transaction_order_amount] => 74.41
    [transaction_order_creationTime] => 2017-04-28T08:44:28.275Z
    [transaction_order_currency] => AUD
    [transaction_order_description] => Commweb Order
    [transaction_order_id] => 2Z3606
    [transaction_order_status] => CAPTURED
    [transaction_order_totalAuthorizedAmount] => 74.41
    [transaction_order_totalCapturedAmount] => 74.41
    [transaction_order_totalRefundedAmount] => 0.00
    [transaction_response_acquirerCode] => 00
    [transaction_response_acquirerMessage] => Approved
    [transaction_response_cardSecurityCode_acquirerCode] => N
    [transaction_response_cardSecurityCode_gatewayCode] => NO_MATCH
    [transaction_response_gatewayCode] => APPROVED
    [transaction_result] => SUCCESS
    [transaction_risk_response_gatewayCode] => ACCEPTED
    [transaction_risk_response_review_decision] => NOT_REQUIRED
    [transaction_risk_response_rule_data] => 222300
    [transaction_risk_response_rule_name] => MERCHANT_BIN_RANGE
    [transaction_risk_response_rule_recommendation] => NO_ACTION
    [transaction_risk_response_rule_type] => MERCHANT_RULE
    [transaction_risk_response_rule] => Array
        (
            [1] => MERCHANT_RULE
            [2] => MERCHANT_RULE
            [3] => MERCHANT_RULE
            [4] => MERCHANT_RULE
            [5] => MERCHANT_RULE
            [6] => MSO_RULE
            [7] => MSO_RULE
            [8] => MSO_RULE
            [9] => MSO_RULE
        )

    [transaction_sourceOfFunds_provided_card_brand] => MASTERCARD
    [transaction_sourceOfFunds_provided_card_expiry_month] => 5
    [transaction_sourceOfFunds_provided_card_expiry_year] => 17
    [transaction_sourceOfFunds_provided_card_fundingMethod] => UNKNOWN
    [transaction_sourceOfFunds_provided_card_nameOnCard] => try
    [transaction_sourceOfFunds_provided_card_number] => 222300xxxxxx0007
    [transaction_sourceOfFunds_provided_card_scheme] => MASTERCARD
    [transaction_sourceOfFunds_type] => CARD
    [transaction_timeOfRecord] => 2017-04-28T08:44:28.275Z
    [transaction_transaction_acquirer_batch] => 20170428
    [transaction_transaction_acquirer_date] => 0428
    [transaction_transaction_acquirer_id] => CBA_S2I
    [transaction_transaction_acquirer_merchantId] => 353109499161636
    [transaction_transaction_acquirer_transactionId] => 123456789
    [transaction_transaction_amount] => 74.41
    [transaction_transaction_authorizationCode] => 141362
    [transaction_transaction_currency] => AUD
    [transaction_transaction_frequency] => SINGLE
    [transaction_transaction_id] => 1
    [transaction_transaction_receipt] => 711808141362
    [transaction_transaction_source] => INTERNET
    [transaction_transaction_terminal] => CBAS2I01
    [transaction_transaction_type] => PAYMENT
    [transaction_version] => 36
)

start process Commweb \n2017-04-28 18:59:22
 Response from Complete callback of commweb: 
Array
(
    [amount] => 43.14
    [billing_address_city] => êr
    [billing_address_country] => ASM
    [billing_address_postcodeZip] => 2000
    [billing_address_street] => f
    [creationTime] => 2017-04-28T08:59:23.526Z
    [currency] => AUD
    [customer_firstName] => gg
    [description] => Commweb Order
    [device_browser] => Mozilla/5.0 (Windows NT 10.0; Win64; x64) AppleWebKit/537.36 (KHTML, like Gecko) Chrome/58.0.3029.81 Safari/537.36
    [device_ipAddress] => 27.72.157.158
    [id] => 3JCV07
    [merchant] => TESTAMBBUICOM201
    [result] => SUCCESS
    [risk_response_gatewayCode] => ACCEPTED
    [risk_response_review_decision] => NOT_REQUIRED
    [risk_response_rule_data] => 222300
    [risk_response_rule_name] => MERCHANT_BIN_RANGE
    [risk_response_rule_recommendation] => NO_ACTION
    [risk_response_rule_type] => MERCHANT_RULE
    [risk_response_rule] => Array
        (
            [1] => MERCHANT_RULE
            [2] => MERCHANT_RULE
            [3] => MERCHANT_RULE
            [4] => MERCHANT_RULE
            [5] => MERCHANT_RULE
            [6] => MSO_RULE
            [7] => MSO_RULE
            [8] => MSO_RULE
            [9] => MSO_RULE
        )

    [sourceOfFunds_provided_card_brand] => MASTERCARD
    [sourceOfFunds_provided_card_expiry_month] => 5
    [sourceOfFunds_provided_card_expiry_year] => 17
    [sourceOfFunds_provided_card_fundingMethod] => UNKNOWN
    [sourceOfFunds_provided_card_nameOnCard] => gg
    [sourceOfFunds_provided_card_number] => 222300xxxxxx0007
    [sourceOfFunds_provided_card_scheme] => MASTERCARD
    [sourceOfFunds_type] => CARD
    [status] => CAPTURED
    [totalAuthorizedAmount] => 43.14
    [totalCapturedAmount] => 43.14
    [totalRefundedAmount] => 0.00
    [transaction_authorizationResponse_cardSecurityCodeError] => M
    [transaction_authorizationResponse_commercialCard] => 888
    [transaction_authorizationResponse_commercialCardIndicator] => 3
    [transaction_authorizationResponse_financialNetworkCode] => 777
    [transaction_authorizationResponse_processingCode] => 003000
    [transaction_authorizationResponse_responseCode] => 00
    [transaction_authorizationResponse_stan] => 132853
    [transaction_authorizationResponse_transactionIdentifier] => 123456789
    [transaction_billing_address_city] => êr
    [transaction_billing_address_country] => ASM
    [transaction_billing_address_postcodeZip] => 2000
    [transaction_billing_address_street] => f
    [transaction_customer_firstName] => gg
    [transaction_device_browser] => Mozilla/5.0 (Windows NT 10.0; Win64; x64) AppleWebKit/537.36 (KHTML, like Gecko) Chrome/58.0.3029.81 Safari/537.36
    [transaction_device_ipAddress] => 27.72.157.158
    [transaction_gatewayEntryPoint] => CHECKOUT
    [transaction_merchant] => TESTAMBBUICOM201
    [transaction_order_amount] => 43.14
    [transaction_order_creationTime] => 2017-04-28T08:59:23.526Z
    [transaction_order_currency] => AUD
    [transaction_order_description] => Commweb Order
    [transaction_order_id] => 3JCV07
    [transaction_order_status] => CAPTURED
    [transaction_order_totalAuthorizedAmount] => 43.14
    [transaction_order_totalCapturedAmount] => 43.14
    [transaction_order_totalRefundedAmount] => 0.00
    [transaction_response_acquirerCode] => 00
    [transaction_response_acquirerMessage] => Approved
    [transaction_response_cardSecurityCode_acquirerCode] => M
    [transaction_response_cardSecurityCode_gatewayCode] => MATCH
    [transaction_response_gatewayCode] => APPROVED
    [transaction_result] => SUCCESS
    [transaction_risk_response_gatewayCode] => ACCEPTED
    [transaction_risk_response_review_decision] => NOT_REQUIRED
    [transaction_risk_response_rule_data] => 222300
    [transaction_risk_response_rule_name] => MERCHANT_BIN_RANGE
    [transaction_risk_response_rule_recommendation] => NO_ACTION
    [transaction_risk_response_rule_type] => MERCHANT_RULE
    [transaction_risk_response_rule] => Array
        (
            [1] => MERCHANT_RULE
            [2] => MERCHANT_RULE
            [3] => MERCHANT_RULE
            [4] => MERCHANT_RULE
            [5] => MERCHANT_RULE
            [6] => MSO_RULE
            [7] => MSO_RULE
            [8] => MSO_RULE
            [9] => MSO_RULE
        )

    [transaction_sourceOfFunds_provided_card_brand] => MASTERCARD
    [transaction_sourceOfFunds_provided_card_expiry_month] => 5
    [transaction_sourceOfFunds_provided_card_expiry_year] => 17
    [transaction_sourceOfFunds_provided_card_fundingMethod] => UNKNOWN
    [transaction_sourceOfFunds_provided_card_nameOnCard] => gg
    [transaction_sourceOfFunds_provided_card_number] => 222300xxxxxx0007
    [transaction_sourceOfFunds_provided_card_scheme] => MASTERCARD
    [transaction_sourceOfFunds_type] => CARD
    [transaction_timeOfRecord] => 2017-04-28T08:59:23.526Z
    [transaction_transaction_acquirer_batch] => 20170428
    [transaction_transaction_acquirer_date] => 0428
    [transaction_transaction_acquirer_id] => CBA_S2I
    [transaction_transaction_acquirer_merchantId] => 353109499161636
    [transaction_transaction_acquirer_transactionId] => 123456789
    [transaction_transaction_amount] => 43.14
    [transaction_transaction_authorizationCode] => 132853
    [transaction_transaction_currency] => AUD
    [transaction_transaction_frequency] => SINGLE
    [transaction_transaction_id] => 1
    [transaction_transaction_receipt] => 711808132853
    [transaction_transaction_source] => INTERNET
    [transaction_transaction_terminal] => CBAS2I01
    [transaction_transaction_type] => PAYMENT
    [transaction_version] => 36
)

start process Commweb \n2017-04-28 19:09:54
 Response from Complete callback of commweb: 
Array
(
    [amount] => 74.41
    [billing_address_city] => êr
    [billing_address_country] => ASM
    [billing_address_postcodeZip] => 2000
    [billing_address_street] => Le Mao - Nghe An
    [creationTime] => 2017-04-28T09:09:54.675Z
    [currency] => AUD
    [customer_firstName] => Tuyet
    [description] => Commweb Order
    [device_browser] => Mozilla/5.0 (Windows NT 10.0; Win64; x64) AppleWebKit/537.36 (KHTML, like Gecko) Chrome/58.0.3029.81 Safari/537.36
    [device_ipAddress] => 27.72.157.158
    [id] => V7JC08
    [merchant] => TESTAMBBUICOM201
    [result] => SUCCESS
    [risk_response_gatewayCode] => ACCEPTED
    [risk_response_review_decision] => NOT_REQUIRED
    [risk_response_rule_data] => 400552
    [risk_response_rule_name] => MERCHANT_BIN_RANGE
    [risk_response_rule_recommendation] => NO_ACTION
    [risk_response_rule_type] => MERCHANT_RULE
    [risk_response_rule] => Array
        (
            [1] => MERCHANT_RULE
            [2] => MERCHANT_RULE
            [3] => MERCHANT_RULE
            [4] => MERCHANT_RULE
            [5] => MERCHANT_RULE
            [6] => MSO_RULE
            [7] => MSO_RULE
            [8] => MSO_RULE
            [9] => MSO_RULE
        )

    [sourceOfFunds_provided_card_brand] => VISA
    [sourceOfFunds_provided_card_expiry_month] => 5
    [sourceOfFunds_provided_card_expiry_year] => 17
    [sourceOfFunds_provided_card_fundingMethod] => CREDIT
    [sourceOfFunds_provided_card_nameOnCard] => Tuyet
    [sourceOfFunds_provided_card_number] => 400552xxxxxx4821
    [sourceOfFunds_provided_card_scheme] => VISA
    [sourceOfFunds_type] => CARD
    [status] => CAPTURED
    [totalAuthorizedAmount] => 74.41
    [totalCapturedAmount] => 74.41
    [totalRefundedAmount] => 0.00
    [transaction_authorizationResponse_cardLevelIndicator] => 88
    [transaction_authorizationResponse_cardSecurityCodeError] => N
    [transaction_authorizationResponse_commercialCard] => 888
    [transaction_authorizationResponse_commercialCardIndicator] => 3
    [transaction_authorizationResponse_marketSpecificData] => 8
    [transaction_authorizationResponse_processingCode] => 003000
    [transaction_authorizationResponse_responseCode] => 00
    [transaction_authorizationResponse_returnAci] => 8
    [transaction_authorizationResponse_stan] => 134943
    [transaction_authorizationResponse_transactionIdentifier] => 123456789012345
    [transaction_authorizationResponse_validationCode] => 6789
    [transaction_billing_address_city] => êr
    [transaction_billing_address_country] => ASM
    [transaction_billing_address_postcodeZip] => 2000
    [transaction_billing_address_street] => Le Mao - Nghe An
    [transaction_customer_firstName] => Tuyet
    [transaction_device_browser] => Mozilla/5.0 (Windows NT 10.0; Win64; x64) AppleWebKit/537.36 (KHTML, like Gecko) Chrome/58.0.3029.81 Safari/537.36
    [transaction_device_ipAddress] => 27.72.157.158
    [transaction_gatewayEntryPoint] => CHECKOUT
    [transaction_merchant] => TESTAMBBUICOM201
    [transaction_order_amount] => 74.41
    [transaction_order_creationTime] => 2017-04-28T09:09:54.675Z
    [transaction_order_currency] => AUD
    [transaction_order_description] => Commweb Order
    [transaction_order_id] => V7JC08
    [transaction_order_status] => CAPTURED
    [transaction_order_totalAuthorizedAmount] => 74.41
    [transaction_order_totalCapturedAmount] => 74.41
    [transaction_order_totalRefundedAmount] => 0.00
    [transaction_response_acquirerCode] => 00
    [transaction_response_acquirerMessage] => Approved
    [transaction_response_cardSecurityCode_acquirerCode] => N
    [transaction_response_cardSecurityCode_gatewayCode] => NO_MATCH
    [transaction_response_gatewayCode] => APPROVED
    [transaction_result] => SUCCESS
    [transaction_risk_response_gatewayCode] => ACCEPTED
    [transaction_risk_response_review_decision] => NOT_REQUIRED
    [transaction_risk_response_rule_data] => 400552
    [transaction_risk_response_rule_name] => MERCHANT_BIN_RANGE
    [transaction_risk_response_rule_recommendation] => NO_ACTION
    [transaction_risk_response_rule_type] => MERCHANT_RULE
    [transaction_risk_response_rule] => Array
        (
            [1] => MERCHANT_RULE
            [2] => MERCHANT_RULE
            [3] => MERCHANT_RULE
            [4] => MERCHANT_RULE
            [5] => MERCHANT_RULE
            [6] => MSO_RULE
            [7] => MSO_RULE
            [8] => MSO_RULE
            [9] => MSO_RULE
        )

    [transaction_sourceOfFunds_provided_card_brand] => VISA
    [transaction_sourceOfFunds_provided_card_expiry_month] => 5
    [transaction_sourceOfFunds_provided_card_expiry_year] => 17
    [transaction_sourceOfFunds_provided_card_fundingMethod] => CREDIT
    [transaction_sourceOfFunds_provided_card_nameOnCard] => Tuyet
    [transaction_sourceOfFunds_provided_card_number] => 400552xxxxxx4821
    [transaction_sourceOfFunds_provided_card_scheme] => VISA
    [transaction_sourceOfFunds_type] => CARD
    [transaction_timeOfRecord] => 2017-04-28T09:09:54.675Z
    [transaction_transaction_acquirer_batch] => 20170428
    [transaction_transaction_acquirer_date] => 0428
    [transaction_transaction_acquirer_id] => CBA_S2I
    [transaction_transaction_acquirer_merchantId] => 353109499161636
    [transaction_transaction_acquirer_transactionId] => 123456789012345
    [transaction_transaction_amount] => 74.41
    [transaction_transaction_authorizationCode] => 134943
    [transaction_transaction_currency] => AUD
    [transaction_transaction_frequency] => SINGLE
    [transaction_transaction_id] => 1
    [transaction_transaction_receipt] => 711809134943
    [transaction_transaction_source] => INTERNET
    [transaction_transaction_terminal] => CBAS2I01
    [transaction_transaction_type] => PAYMENT
    [transaction_version] => 36
)

start process Commweb \nstart process Commweb \nstart process Commweb \nstart process Commweb \nstart process Commweb \nstart process Commweb \nstart process Commweb \nstart process Commweb \nstart process Commweb \nstart process Commweb \n2017-05-03 11:50:52
 Response from Complete callback of commweb: 
Array
(
    [amount] => 122.98
    [billing_address_city] => êr
    [billing_address_country] => ASM
    [billing_address_postcodeZip] => 2000
    [billing_address_street] => f
    [creationTime] => 2017-05-03T01:50:52.464Z
    [currency] => AUD
    [customer_firstName] => Tuyet
    [customer_lastName] => Bom
    [description] => Commweb Order
    [device_browser] => Mozilla/5.0 (Windows NT 10.0; Win64; x64) AppleWebKit/537.36 (KHTML, like Gecko) Chrome/58.0.3029.81 Safari/537.36
    [device_ipAddress] => 27.72.157.158
    [id] => V24P018
    [merchant] => TESTAMBBUICOM201
    [result] => SUCCESS
    [risk_response_gatewayCode] => ACCEPTED
    [risk_response_review_decision] => NOT_REQUIRED
    [risk_response_rule_data] => 512345
    [risk_response_rule_name] => MERCHANT_BIN_RANGE
    [risk_response_rule_recommendation] => NO_ACTION
    [risk_response_rule_type] => MERCHANT_RULE
    [risk_response_rule] => Array
        (
            [1] => MERCHANT_RULE
            [2] => MERCHANT_RULE
            [3] => MERCHANT_RULE
            [4] => MERCHANT_RULE
            [5] => MERCHANT_RULE
            [6] => MSO_RULE
            [7] => MSO_RULE
            [8] => MSO_RULE
            [9] => MSO_RULE
        )

    [sourceOfFunds_provided_card_brand] => MASTERCARD
    [sourceOfFunds_provided_card_expiry_month] => 5
    [sourceOfFunds_provided_card_expiry_year] => 17
    [sourceOfFunds_provided_card_fundingMethod] => CREDIT
    [sourceOfFunds_provided_card_issuer] => BANCO DEL PICHINCHA, C.A.
    [sourceOfFunds_provided_card_nameOnCard] => Tuyet Bom
    [sourceOfFunds_provided_card_number] => 512345xxxxxx0008
    [sourceOfFunds_provided_card_scheme] => MASTERCARD
    [sourceOfFunds_type] => CARD
    [status] => CAPTURED
    [totalAuthorizedAmount] => 122.98
    [totalCapturedAmount] => 122.98
    [totalRefundedAmount] => 0.00
    [transaction_authorizationResponse_cardSecurityCodeError] => M
    [transaction_authorizationResponse_commercialCard] => 888
    [transaction_authorizationResponse_commercialCardIndicator] => 3
    [transaction_authorizationResponse_financialNetworkCode] => 777
    [transaction_authorizationResponse_processingCode] => 003000
    [transaction_authorizationResponse_responseCode] => 00
    [transaction_authorizationResponse_stan] => 137167
    [transaction_authorizationResponse_transactionIdentifier] => 123456789
    [transaction_billing_address_city] => êr
    [transaction_billing_address_country] => ASM
    [transaction_billing_address_postcodeZip] => 2000
    [transaction_billing_address_street] => f
    [transaction_customer_firstName] => Tuyet
    [transaction_customer_lastName] => Bom
    [transaction_device_browser] => Mozilla/5.0 (Windows NT 10.0; Win64; x64) AppleWebKit/537.36 (KHTML, like Gecko) Chrome/58.0.3029.81 Safari/537.36
    [transaction_device_ipAddress] => 27.72.157.158
    [transaction_gatewayEntryPoint] => CHECKOUT
    [transaction_merchant] => TESTAMBBUICOM201
    [transaction_order_amount] => 122.98
    [transaction_order_creationTime] => 2017-05-03T01:50:52.464Z
    [transaction_order_currency] => AUD
    [transaction_order_description] => Commweb Order
    [transaction_order_id] => V24P018
    [transaction_order_status] => CAPTURED
    [transaction_order_totalAuthorizedAmount] => 122.98
    [transaction_order_totalCapturedAmount] => 122.98
    [transaction_order_totalRefundedAmount] => 0.00
    [transaction_response_acquirerCode] => 00
    [transaction_response_acquirerMessage] => Approved
    [transaction_response_cardSecurityCode_acquirerCode] => M
    [transaction_response_cardSecurityCode_gatewayCode] => MATCH
    [transaction_response_gatewayCode] => APPROVED
    [transaction_result] => SUCCESS
    [transaction_risk_response_gatewayCode] => ACCEPTED
    [transaction_risk_response_review_decision] => NOT_REQUIRED
    [transaction_risk_response_rule_data] => 512345
    [transaction_risk_response_rule_name] => MERCHANT_BIN_RANGE
    [transaction_risk_response_rule_recommendation] => NO_ACTION
    [transaction_risk_response_rule_type] => MERCHANT_RULE
    [transaction_risk_response_rule] => Array
        (
            [1] => MERCHANT_RULE
            [2] => MERCHANT_RULE
            [3] => MERCHANT_RULE
            [4] => MERCHANT_RULE
            [5] => MERCHANT_RULE
            [6] => MSO_RULE
            [7] => MSO_RULE
            [8] => MSO_RULE
            [9] => MSO_RULE
        )

    [transaction_sourceOfFunds_provided_card_brand] => MASTERCARD
    [transaction_sourceOfFunds_provided_card_expiry_month] => 5
    [transaction_sourceOfFunds_provided_card_expiry_year] => 17
    [transaction_sourceOfFunds_provided_card_fundingMethod] => CREDIT
    [transaction_sourceOfFunds_provided_card_issuer] => BANCO DEL PICHINCHA, C.A.
    [transaction_sourceOfFunds_provided_card_nameOnCard] => Tuyet Bom
    [transaction_sourceOfFunds_provided_card_number] => 512345xxxxxx0008
    [transaction_sourceOfFunds_provided_card_scheme] => MASTERCARD
    [transaction_sourceOfFunds_type] => CARD
    [transaction_timeOfRecord] => 2017-05-03T01:50:52.464Z
    [transaction_transaction_acquirer_batch] => 20170503
    [transaction_transaction_acquirer_date] => 0503
    [transaction_transaction_acquirer_id] => CBA_S2I
    [transaction_transaction_acquirer_merchantId] => 353109499161636
    [transaction_transaction_acquirer_transactionId] => 123456789
    [transaction_transaction_amount] => 122.98
    [transaction_transaction_authorizationCode] => 137167
    [transaction_transaction_currency] => AUD
    [transaction_transaction_frequency] => SINGLE
    [transaction_transaction_id] => 1
    [transaction_transaction_receipt] => 712301137167
    [transaction_transaction_source] => INTERNET
    [transaction_transaction_terminal] => CBAS2I01
    [transaction_transaction_type] => PAYMENT
    [transaction_version] => 36
)

start process Commweb \nstart process Commweb \n2017-05-03 11:59:43
 Response from Complete callback of commweb: 
Array
(
    [amount] => 42.99
    [billing_address_city] => FGc
    [billing_address_country] => ASM
    [billing_address_postcodeZip] => 2000
    [billing_address_street] => Autralias
    [creationTime] => 2017-05-03T01:59:43.262Z
    [currency] => AUD
    [customer_firstName] => Tuyet
    [customer_lastName] => Bom
    [description] => Commweb Order
    [device_browser] => Mozilla/5.0 (Windows NT 10.0; Win64; x64) AppleWebKit/537.36 (KHTML, like Gecko) Chrome/58.0.3029.81 Safari/537.36
    [device_ipAddress] => 27.72.157.158
    [id] => SECS020
    [merchant] => TESTAMBBUICOM201
    [result] => SUCCESS
    [risk_response_gatewayCode] => ACCEPTED
    [risk_response_review_decision] => NOT_REQUIRED
    [risk_response_rule_data] => 512345
    [risk_response_rule_name] => MERCHANT_BIN_RANGE
    [risk_response_rule_recommendation] => NO_ACTION
    [risk_response_rule_type] => MERCHANT_RULE
    [risk_response_rule] => Array
        (
            [1] => MERCHANT_RULE
            [2] => MERCHANT_RULE
            [3] => MERCHANT_RULE
            [4] => MERCHANT_RULE
            [5] => MERCHANT_RULE
            [6] => MSO_RULE
            [7] => MSO_RULE
            [8] => MSO_RULE
            [9] => MSO_RULE
        )

    [sourceOfFunds_provided_card_brand] => MASTERCARD
    [sourceOfFunds_provided_card_expiry_month] => 5
    [sourceOfFunds_provided_card_expiry_year] => 17
    [sourceOfFunds_provided_card_fundingMethod] => CREDIT
    [sourceOfFunds_provided_card_issuer] => BANCO DEL PICHINCHA, C.A.
    [sourceOfFunds_provided_card_nameOnCard] => Tuyet Bom
    [sourceOfFunds_provided_card_number] => 512345xxxxxx0008
    [sourceOfFunds_provided_card_scheme] => MASTERCARD
    [sourceOfFunds_type] => CARD
    [status] => CAPTURED
    [totalAuthorizedAmount] => 42.99
    [totalCapturedAmount] => 42.99
    [totalRefundedAmount] => 0.00
    [transaction_authorizationResponse_cardSecurityCodeError] => M
    [transaction_authorizationResponse_commercialCard] => 888
    [transaction_authorizationResponse_commercialCardIndicator] => 3
    [transaction_authorizationResponse_financialNetworkCode] => 777
    [transaction_authorizationResponse_processingCode] => 003000
    [transaction_authorizationResponse_responseCode] => 00
    [transaction_authorizationResponse_stan] => 132948
    [transaction_authorizationResponse_transactionIdentifier] => 123456789
    [transaction_billing_address_city] => FGc
    [transaction_billing_address_country] => ASM
    [transaction_billing_address_postcodeZip] => 2000
    [transaction_billing_address_street] => Autralias
    [transaction_customer_firstName] => Tuyet
    [transaction_customer_lastName] => Bom
    [transaction_device_browser] => Mozilla/5.0 (Windows NT 10.0; Win64; x64) AppleWebKit/537.36 (KHTML, like Gecko) Chrome/58.0.3029.81 Safari/537.36
    [transaction_device_ipAddress] => 27.72.157.158
    [transaction_gatewayEntryPoint] => CHECKOUT
    [transaction_merchant] => TESTAMBBUICOM201
    [transaction_order_amount] => 42.99
    [transaction_order_creationTime] => 2017-05-03T01:59:43.262Z
    [transaction_order_currency] => AUD
    [transaction_order_description] => Commweb Order
    [transaction_order_id] => SECS020
    [transaction_order_status] => CAPTURED
    [transaction_order_totalAuthorizedAmount] => 42.99
    [transaction_order_totalCapturedAmount] => 42.99
    [transaction_order_totalRefundedAmount] => 0.00
    [transaction_response_acquirerCode] => 00
    [transaction_response_acquirerMessage] => Approved
    [transaction_response_cardSecurityCode_acquirerCode] => M
    [transaction_response_cardSecurityCode_gatewayCode] => MATCH
    [transaction_response_gatewayCode] => APPROVED
    [transaction_result] => SUCCESS
    [transaction_risk_response_gatewayCode] => ACCEPTED
    [transaction_risk_response_review_decision] => NOT_REQUIRED
    [transaction_risk_response_rule_data] => 512345
    [transaction_risk_response_rule_name] => MERCHANT_BIN_RANGE
    [transaction_risk_response_rule_recommendation] => NO_ACTION
    [transaction_risk_response_rule_type] => MERCHANT_RULE
    [transaction_risk_response_rule] => Array
        (
            [1] => MERCHANT_RULE
            [2] => MERCHANT_RULE
            [3] => MERCHANT_RULE
            [4] => MERCHANT_RULE
            [5] => MERCHANT_RULE
            [6] => MSO_RULE
            [7] => MSO_RULE
            [8] => MSO_RULE
            [9] => MSO_RULE
        )

    [transaction_sourceOfFunds_provided_card_brand] => MASTERCARD
    [transaction_sourceOfFunds_provided_card_expiry_month] => 5
    [transaction_sourceOfFunds_provided_card_expiry_year] => 17
    [transaction_sourceOfFunds_provided_card_fundingMethod] => CREDIT
    [transaction_sourceOfFunds_provided_card_issuer] => BANCO DEL PICHINCHA, C.A.
    [transaction_sourceOfFunds_provided_card_nameOnCard] => Tuyet Bom
    [transaction_sourceOfFunds_provided_card_number] => 512345xxxxxx0008
    [transaction_sourceOfFunds_provided_card_scheme] => MASTERCARD
    [transaction_sourceOfFunds_type] => CARD
    [transaction_timeOfRecord] => 2017-05-03T01:59:43.262Z
    [transaction_transaction_acquirer_batch] => 20170503
    [transaction_transaction_acquirer_date] => 0503
    [transaction_transaction_acquirer_id] => CBA_S2I
    [transaction_transaction_acquirer_merchantId] => 353109499161636
    [transaction_transaction_acquirer_transactionId] => 123456789
    [transaction_transaction_amount] => 42.99
    [transaction_transaction_authorizationCode] => 132948
    [transaction_transaction_currency] => AUD
    [transaction_transaction_frequency] => SINGLE
    [transaction_transaction_id] => 1
    [transaction_transaction_receipt] => 712301132948
    [transaction_transaction_source] => INTERNET
    [transaction_transaction_terminal] => CBAS2I01
    [transaction_transaction_type] => PAYMENT
    [transaction_version] => 36
)

start process Commweb \n